kotlin version: 2.0.21
error message: java.lang.NoClassDefFoundError: kotlin/coroutines/jvm/internal/SpillingKt
	at androidx.room.compiler.processing.DeclarationCollectorKt$collectAllMethods$1.invokeSuspend(DeclarationCollector.kt:76)
	at kotlin.coroutines.jvm.internal.BaseContinuationImpl.resumeWith(ContinuationImpl.kt:33)
	at kotlin.sequences.SequenceBuilderIterator.hasNext(SequenceBuilder.kt:129)
	at androidx.room.compiler.processing.util.MemoizedSequence$CachedIterator.hasNext(MemoizedSequence.kt:36)
	at kotlin.sequences.FilteringSequence$iterator$1.calcNext(Sequences.kt:169)
	at kotlin.sequences.FilteringSequence$iterator$1.hasNext(Sequences.kt:194)
	at androidx.room.processor.DataClassProcessor$DefaultDelegate.onPreProcess(DataClassProcessor.kt:1111)
	at androidx.room.processor.DataClassProcessor.doProcess(DataClassProcessor.kt:130)
	at androidx.room.processor.DataClassProcessor.process$lambda$0(DataClassProcessor.kt:111)
	at androidx.room.processor.cache.Cache$Bucket.get(Cache.kt:48)
	at androidx.room.processor.DataClassProcessor.process(DataClassProcessor.kt:108)
	at androidx.room.processor.TableEntityProcessor.doProcess(TableEntityProcessor.kt:113)
	at androidx.room.processor.TableEntityProcessor.process$lambda$0(TableEntityProcessor.kt:54)
	at androidx.room.processor.cache.Cache$Bucket.get(Cache.kt:48)
	at androidx.room.processor.TableEntityProcessor.process(TableEntityProcessor.kt:54)
	at androidx.room.processor.DatabaseProcessor.processEntities(DatabaseProcessor.kt:441)
	at androidx.room.processor.DatabaseProcessor.doProcess(DatabaseProcessor.kt:66)
	at androidx.room.processor.DatabaseProcessor.process(DatabaseProcessor.kt:57)
	at androidx.room.DatabaseProcessingStep.process$lambda$2$lambda$1(DatabaseProcessingStep.kt:69)
	at androidx.room.processor.Context.collectLogs(Context.kt:178)
	at androidx.room.DatabaseProcessingStep.process(DatabaseProcessingStep.kt:68)
	at androidx.room.compiler.processing.CommonProcessorDelegate.processRound(XBasicAnnotationProcessor.kt:134)
	at androidx.room.compiler.processing.ksp.KspBasicAnnotationProcessor.process(KspBasicAnnotationProcessor.kt:62)
	at com.google.devtools.ksp.AbstractKotlinSymbolProcessingExtension$doAnalysis$8$1.invoke(KotlinSymbolProcessingExtension.kt:314)
	at com.google.devtools.ksp.AbstractKotlinSymbolProcessingExtension$doAnalysis$8$1.invoke(KotlinSymbolProcessingExtension.kt:312)
	at com.google.devtools.ksp.AbstractKotlinSymbolProcessingExtension.handleException(KotlinSymbolProcessingExtension.kt:424)
	at com.google.devtools.ksp.AbstractKotlinSymbolProcessingExtension.doAnalysis(KotlinSymbolProcessingExtension.kt:312)
	at org.jetbrains.kotlin.cli.jvm.compiler.TopDownAnalyzerFacadeForJVM.analyzeFilesWithJavaIntegration(TopDownAnalyzerFacadeForJVM.kt:112)
	at org.jetbrains.kotlin.cli.jvm.compiler.TopDownAnalyzerFacadeForJVM.analyzeFilesWithJavaIntegration$default(TopDownAnalyzerFacadeForJVM.kt:75)
	at org.jetbrains.kotlin.cli.jvm.compiler.KotlinToJVMBytecodeCompiler.analyze$lambda$12(KotlinToJVMBytecodeCompiler.kt:373)
	at org.jetbrains.kotlin.cli.common.messages.AnalyzerWithCompilerReport.analyzeAndReport(AnalyzerWithCompilerReport.kt:112)
	at org.jetbrains.kotlin.cli.jvm.compiler.KotlinToJVMBytecodeCompiler.analyze(KotlinToJVMBytecodeCompiler.kt:364)
	at org.jetbrains.kotlin.cli.jvm.compiler.KotlinToJVMBytecodeCompiler.runFrontendAndGenerateIrUsingClassicFrontend(KotlinToJVMBytecodeCompiler.kt:195)
	at org.jetbrains.kotlin.cli.jvm.compiler.KotlinToJVMBytecodeCompiler.compileModules$cli(KotlinToJVMBytecodeCompiler.kt:106)
	at org.jetbrains.kotlin.cli.jvm.K2JVMCompiler.doExecute(K2JVMCompiler.kt:170)
	at org.jetbrains.kotlin.cli.jvm.K2JVMCompiler.doExecute(K2JVMCompiler.kt:43)
	at org.jetbrains.kotlin.cli.common.CLICompiler.execImpl(CLICompiler.kt:103)
	at org.jetbrains.kotlin.cli.common.CLICompiler.execImpl(CLICompiler.kt:49)
	at org.jetbrains.kotlin.cli.common.CLITool.exec(CLITool.kt:101)
	at org.jetbrains.kotlin.daemon.CompileServiceImpl.compile(CompileServiceImpl.kt:1555)
	at java.base/jdk.internal.reflect.DirectMethodHandleAccessor.invoke(Unknown Source)
	at java.base/java.lang.reflect.Method.invoke(Unknown Source)
	at java.rmi/sun.rmi.server.UnicastServerRef.dispatch(Unknown Source)
	at java.rmi/sun.rmi.transport.Transport$1.run(Unknown Source)
	at java.rmi/sun.rmi.transport.Transport$1.run(Unknown Source)
	at java.base/java.security.AccessController.doPrivileged(Unknown Source)
	at java.rmi/sun.rmi.transport.Transport.serviceCall(Unknown Source)
	at java.rmi/sun.rmi.transport.tcp.TCPTransport.handleMessages(Unknown Source)
	at java.rmi/sun.rmi.transport.tcp.TCPTransport$ConnectionHandler.run0(Unknown Source)
	at java.rmi/sun.rmi.transport.tcp.TCPTransport$ConnectionHandler.lambda$run$0(Unknown Source)
	at java.base/java.security.AccessController.doPrivileged(Unknown Source)
	at java.rmi/sun.rmi.transport.tcp.TCPTransport$ConnectionHandler.run(Unknown Source)
	at java.base/java.util.concurrent.ThreadPoolExecutor.runWorker(Unknown Source)
	at java.base/java.util.concurrent.ThreadPoolExecutor$Worker.run(Unknown Source)
	at java.base/java.lang.Thread.run(Unknown Source)
Caused by: java.lang.ClassNotFoundException: kotlin.coroutines.jvm.internal.SpillingKt
	at java.base/java.net.URLClassLoader.findClass(Unknown Source)
	at java.base/java.lang.ClassLoader.loadClass(Unknown Source)
	at java.base/java.lang.ClassLoader.loadClass(Unknown Source)
	... 55 more


